new-loop:
[#{994 62} #{996 62} #{994 996}]
index-start-node:
0
new-loop:
[#{1029 62} #{1029 1030} #{1030 62}]
index-start-node:
1
new-loop:
[#{993 994} #{993 987} #{987 988} #{986 988} #{985 986} #{899 985} #{899 900} #{898 900} #{897 898} #{897 891} #{891 892} #{56 892} #{14 56} #{14 54} #{54 56} #{56 1017} #{1017 1018} #{1018 1020} #{1031 1020} #{1029 1031} #{1029 1018} #{996 1018} #{995 996} #{995 1017} #{1017 1019} #{1019 1020} #{1020 414} #{413 414} #{413 415} #{372 415} #{370 372} #{369 370} #{369 371} #{368 371} #{368 24} #{367 24} #{356 367} #{354 356} #{353 354} #{353 355} #{355 356} #{356 378} #{24 378} #{371 24} #{371 372} #{372 24} #{24 27} #{8 27} #{8 28} #{39 28} #{39 607} #{436 607} #{434 436} #{434 605} #{605 607} #{608 607} #{608 611} #{609 611} #{609 606} #{608 606} #{608 39} #{611 39} #{611 612} #{610 612} #{610 621} #{621 623} #{612 623} #{612 39} #{39 11} #{8 11} #{8 30} #{482 30} #{481 482} #{481 475} #{475 476} #{474 476} #{473 474} #{387 473} #{387 388} #{386 388} #{385 386} #{385 379} #{377 379} #{377 378} #{378 380} #{24 380} #{24 30} #{484 30} #{482 484} #{482 476} #{476 30} #{474 30} #{388 474} #{388 24} #{386 24} #{386 380} #{379 380} #{379 30} #{32 30} #{32 514} #{513 514} #{513 507} #{507 508} #{506 508} #{505 506} #{483 505} #{483 484} #{484 506} #{32 506} #{32 516} #{514 516} #{514 508} #{32 508} #{32 8} #{8 14} #{65 14} #{65 1077} #{1077 1078} #{1078 1080} #{1080 1083} #{1081 1083} #{1078 1081} #{65 1078} #{65 1081} #{1081 1082} #{1082 1084} #{1095 1084} #{1093 1095} #{66 1093} #{66 1094} #{1093 1094} #{1093 1082} #{65 1082} #{65 62} #{1033 62} #{1030 1033} #{1030 1032} #{1032 1035} #{1033 1035} #{1033 1034} #{1034 62} #{56 62} #{56 890} #{889 890} #{867 889} #{867 868} #{866 868} #{865 866} #{865 859} #{859 860} #{54 860} #{54 858} #{857 858} #{515 857} #{515 516} #{516 858} #{858 860} #{866 860} #{866 54} #{868 54} #{868 890} #{890 892} #{898 892} #{898 56} #{900 56} #{900 986} #{986 62} #{988 62} #{994 988}]
index-start-node:
1
new-loop:
[#{66 14} #{66 1097} #{1094 1097} #{1094 1096} #{1096 1099} #{1097 1099} #{1097 1098} #{66 1098} #{66 77} #{77 1269} #{1269 1270} #{77 1270} #{77 1273} #{1270 1273} #{1270 1272} #{1272 1275} #{1273 1275} #{1273 1274} #{77 1274} #{77 17} #{73 17} #{1189 73} #{1189 1190} #{1190 848} #{847 848} #{847 51} #{845 51} #{839 845} #{837 839} #{837 838} #{838 816} #{815 816} #{815 49} #{805 49} #{805 806} #{806 720} #{719 720} #{805 719} #{805 807} #{807 808} #{808 814} #{813 814} #{807 813} #{807 49} #{11 49} #{40 11} #{40 43} #{43 671} #{628 671} #{626 628} #{626 669} #{669 671} #{672 671} #{672 675} #{673 675} #{673 670} #{672 670} #{672 43} #{675 43} #{675 676} #{674 676} #{674 685} #{685 686} #{686 688} #{710 688} #{709 710} #{709 711} #{711 712} #{712 718} #{717 718} #{711 717} #{711 43} #{676 43} #{676 687} #{709 687} #{709 43} #{43 717} #{717 719} #{43 719} #{43 49} #{813 49} #{813 815} #{837 815} #{837 51} #{839 51} #{839 840} #{840 846} #{845 846} #{845 847} #{1189 847} #{1189 1191} #{1191 1192} #{1192 1198} #{1197 1198} #{1191 1197} #{1191 73} #{73 1197} #{1197 1199} #{1221 1199} #{1221 1222} #{1222 1200} #{1199 1200} #{73 1199} #{73 51} #{11 51} #{11 17} #{75 17} #{1221 75} #{1221 1223} #{1223 1224} #{1224 1230} #{1229 1230} #{1223 1229} #{1223 75} #{75 1229} #{1229 1231} #{1317 1231} #{1317 1318} #{1318 1232} #{1231 1232} #{75 1231} #{75 81} #{1327 81} #{1349 1327} #{1349 1350} #{1350 1352} #{1351 1352} #{1349 1351} #{1349 1338} #{81 1338} #{81 1333} #{1333 1334} #{81 1334} #{81 1337} #{1334 1337} #{1334 1336} #{1336 1339} #{1326 1339} #{1320 1326} #{1319 1320} #{1317 1319} #{1317 81} #{1319 81} #{1319 1325} #{1325 1326} #{1326 1328} #{1327 1328} #{1325 1327} #{1325 81} #{78 81} #{1285 78} #{1285 1286} #{1286 1288} #{1288 1291} #{1289 1291} #{1286 1289} #{1286 78} #{1289 78} #{1289 1290} #{1290 1292} #{1292 1335} #{1333 1335} #{1290 1333} #{1290 78} #{78 17} #{14 17}]
index-start-node:
14
new-loop:
[#{1098 1100} #{1100 1271} #{1269 1271} #{1098 1269}]
index-start-node:
21
new-loop:
[#{1274 1276} #{1287 1276} #{1285 1287} #{1285 1274}]
index-start-node:
36
new-loop:
[#{40 623} #{623 624} #{624 627} #{625 627} #{622 625} #{622 624} #{40 624}]
index-start-node:
68
new-loop:
[#{40 627} #{627 628} #{40 628}]
index-start-node:
68
new-loop:
[#{685 687} #{687 688} #{685 688}]
index-start-node:
94
new-loop:
[#{1337 1338} #{1337 1339} #{1339 1340} #{1338 1340}]
index-start-node:
164
new-loop:
[#{416 414} #{416 419} #{417 419} #{417 414}]
index-start-node:
219
new-loop:
[#{416 27} #{27 415} #{416 415}]
index-start-node:
220
new-loop:
[#{419 27} #{419 420} #{418 420} #{418 429} #{429 431} #{431 28} #{432 28} #{432 435} #{433 435} #{430 433} #{430 432} #{431 432} #{420 431} #{420 27}]
index-start-node:
221
new-loop:
[#{435 28} #{435 436} #{436 28}]
index-start-node:
227
new-loop:
[#{366 368} #{365 366} #{365 367} #{367 368}]
index-start-node:
250
new-loop:
[#{1077 1079} #{1036 1079} #{1034 1036} #{1034 1077}]
index-start-node:
337